22:35:22.604 [main] TRACE org.testng.internal.Graph - [Graph] ================ SORTING
22:35:22.631 [main] TRACE org.testng.internal.Graph - [Graph] =============== DONE SORTING
22:35:22.631 [main] TRACE org.testng.internal.Graph - [Graph] ====== SORTED NODES
22:35:22.632 [main] TRACE org.testng.internal.Graph - [Graph] ====== END SORTED NODES
22:35:22.695 [main] TRACE org.testng.internal.Graph - [Graph] ADDING NODE BaseClass.setUp(java.lang.String,java.lang.String)[pri:0, instance:null] -1422202400
22:35:22.695 [main] TRACE org.testng.internal.Graph - [Graph] ================ SORTING
22:35:22.696 [main] TRACE org.testng.internal.Graph - [Graph] =============== DONE SORTING
22:35:22.697 [main] TRACE org.testng.internal.Graph - [Graph] ====== SORTED NODES
22:35:22.698 [main] TRACE org.testng.internal.Graph - [Graph] ====== END SORTED NODES
22:35:22.735 [main] TRACE org.testng.internal.Graph - [Graph] ADDING NODE BaseClass.tearDown()[pri:0, instance:null] 829687191
22:35:22.736 [main] TRACE org.testng.internal.Graph - [Graph] ================ SORTING
22:35:22.737 [main] TRACE org.testng.internal.Graph - [Graph] =============== DONE SORTING
22:35:22.738 [main] TRACE org.testng.internal.Graph - [Graph] ====== SORTED NODES
22:35:22.738 [main] TRACE org.testng.internal.Graph - [Graph] ====== END SORTED NODES
22:35:22.750 [main] TRACE org.testng.internal.Graph - [Graph] ADDING NODE TC001_AccountRegistrationTest.verify_account_registration()[pri:0, instance:testCases.TC001_AccountRegistrationTest@bf1ec20] 201177458
22:35:22.752 [main] TRACE org.testng.internal.Graph - [Graph] ================ SORTING
22:35:22.753 [main] TRACE org.testng.internal.Graph - [Graph] =============== DONE SORTING
22:35:22.755 [main] TRACE org.testng.internal.Graph - [Graph] ====== SORTED NODES
22:35:22.756 [main] TRACE org.testng.internal.Graph - [Graph] ====== END SORTED NODES
22:35:22.789 [main] TRACE org.testng.internal.Graph - [Graph] ADDING NODE BaseClass.setUp(java.lang.String,java.lang.String)[pri:0, instance:null] -1422202400
22:35:22.810 [main] TRACE org.testng.internal.Graph - [Graph] ================ SORTING
22:35:22.811 [main] TRACE org.testng.internal.Graph - [Graph] =============== DONE SORTING
22:35:22.812 [main] TRACE org.testng.internal.Graph - [Graph] ====== SORTED NODES
22:35:22.812 [main] TRACE org.testng.internal.Graph - [Graph] ====== END SORTED NODES
22:35:22.820 [main] TRACE org.testng.internal.Graph - [Graph] ADDING NODE BaseClass.tearDown()[pri:0, instance:null] 829687191
22:35:22.823 [main] TRACE org.testng.internal.Graph - [Graph] ================ SORTING
22:35:22.824 [main] TRACE org.testng.internal.Graph - [Graph] =============== DONE SORTING
22:35:22.825 [main] TRACE org.testng.internal.Graph - [Graph] ====== SORTED NODES
22:35:22.826 [main] TRACE org.testng.internal.Graph - [Graph] ====== END SORTED NODES
22:35:22.838 [main] TRACE org.testng.internal.Graph - [Graph] ADDING NODE TC001_AccountRegistrationTest.verify_account_registration()[pri:0, instance:testCases.TC001_AccountRegistrationTest@4e858e0a] 1318148956
22:35:22.839 [main] TRACE org.testng.internal.Graph - [Graph] ================ SORTING
22:35:22.840 [main] TRACE org.testng.internal.Graph - [Graph] =============== DONE SORTING
22:35:22.840 [main] TRACE org.testng.internal.Graph - [Graph] ====== SORTED NODES
22:35:22.841 [main] TRACE org.testng.internal.Graph - [Graph] ====== END SORTED NODES
22:35:22.848 [main] INFO  org.testng.internal.Utils - [TestNG] Running:
  C:\Users\Sonam Sharma\SDET_Eclipse_workspace\OpenCartV121\crossbrowserTesting.xml

22:35:59.695 [TestNG-tests-3] INFO  testCases.TC001_AccountRegistrationTest - *******starting TC001_AccountRegistrationTest *********
22:36:00.647 [TestNG-tests-3] INFO  testCases.TC001_AccountRegistrationTest - Clicked on MyAccount Link
22:36:01.296 [TestNG-tests-3] INFO  testCases.TC001_AccountRegistrationTest - Clicked on Register Link
22:36:05.552 [TestNG-tests-3] INFO  testCases.TC001_AccountRegistrationTest - Validating Expected Message
22:36:06.048 [TestNG-tests-3] INFO  testCases.TC001_AccountRegistrationTest - *******finished TC001_AccountRegistrationTest *********
22:36:08.399 [TestNG-tests-2] INFO  testCases.TC001_AccountRegistrationTest - *******starting TC001_AccountRegistrationTest *********
22:36:08.705 [TestNG-tests-2] INFO  testCases.TC001_AccountRegistrationTest - Clicked on MyAccount Link
22:36:08.823 [TestNG-tests-1] INFO  testCases.TC001_AccountRegistrationTest - *******starting TC001_AccountRegistrationTest *********
22:36:09.565 [TestNG-tests-1] INFO  testCases.TC001_AccountRegistrationTest - Clicked on MyAccount Link
22:36:11.259 [TestNG-tests-2] INFO  testCases.TC001_AccountRegistrationTest - Clicked on Register Link
22:36:11.607 [TestNG-tests-1] INFO  testCases.TC001_AccountRegistrationTest - Clicked on Register Link
22:36:15.640 [TestNG-tests-1] INFO  testCases.TC001_AccountRegistrationTest - Validating Expected Message
22:36:18.772 [TestNG-tests-1] INFO  testCases.TC001_AccountRegistrationTest - *******finished TC001_AccountRegistrationTest *********
