22:41:02.000 [main] TRACE io.github.bonigarcia.wdm.cache.CacheHandler - Filter cache by 127.0.6533.119 -- input list [C:\Users\Sonam Sharma\.cache\selenium\chromedriver\win32\114.0.5735.90\chromedriver.exe, C:\Users\Sonam Sharma\.cache\selenium\chromedriver\win64\124.0.6367.207\chromedriver.exe, C:\Users\Sonam Sharma\.cache\selenium\chromedriver\win64\125.0.6422.141\chromedriver.exe, C:\Users\Sonam Sharma\.cache\selenium\chromedriver\win64\125.0.6422.78\chromedriver.exe, C:\Users\Sonam Sharma\.cache\selenium\chromedriver\win64\126.0.6478.126\chromedriver.exe, C:\Users\Sonam Sharma\.cache\selenium\chromedriver\win64\126.0.6478.182\chromedriver.exe, C:\Users\Sonam Sharma\.cache\selenium\chromedriver\win64\126.0.6478.63\chromedriver.exe, C:\Users\Sonam Sharma\.cache\selenium\chromedriver\win64\127.0.6533.119\chromedriver.exe, C:\Users\Sonam Sharma\.cache\selenium\chromedriver\win64\127.0.6533.72\chromedriver.exe, C:\Users\Sonam Sharma\.cache\selenium\chromedriver\win64\127.0.6533.88\chromedriver.exe, C:\Users\Sonam Sharma\.cache\selenium\chromedriver\win64\127.0.6533.99\chromedriver.exe] -- output list [C:\Users\Sonam Sharma\.cache\selenium\chromedriver\win64\127.0.6533.119\chromedriver.exe] 
22:41:02.009 [main] TRACE io.github.bonigarcia.wdm.cache.CacheHandler - Filter cache by WIN -- input list [C:\Users\Sonam Sharma\.cache\selenium\chromedriver\win64\127.0.6533.119\chromedriver.exe] -- output list [C:\Users\Sonam Sharma\.cache\selenium\chromedriver\win64\127.0.6533.119\chromedriver.exe] 
22:41:02.013 [main] DEBUG io.github.bonigarcia.wdm.WebDriverManager - Driver chromedriver 127.0.6533.119 found in cache
22:41:02.019 [main] INFO  io.github.bonigarcia.wdm.WebDriverManager - Exporting webdriver.chrome.driver as C:\Users\Sonam Sharma\.cache\selenium\chromedriver\win64\127.0.6533.119\chromedriver.exe
22:44:16.810 [main] TRACE org.testng.internal.Graph - [Graph] ADDING NODE TC001_AccountRegistrationTest.verify_account_registration()[pri:0, instance:testCases.TC001_AccountRegistrationTest@56a4479a] 1454380268
22:44:16.811 [main] TRACE org.testng.internal.Graph - [Graph] ================ SORTING
22:44:16.813 [main] TRACE org.testng.internal.Graph - [Graph] =============== DONE SORTING
22:44:16.813 [main] TRACE org.testng.internal.Graph - [Graph] ====== SORTED NODES
22:44:16.813 [main] TRACE org.testng.internal.Graph - [Graph] ====== END SORTED NODES
23:40:16.425 [main] DEBUG org.testng.TestNG - suiteXmlPath: "C:\Users\Sonam Sharma\SDET_Eclipse_workspace\OpenCartV121\master.xml"
23:40:21.137 [main] TRACE org.testng.internal.Graph - [Graph] ADDING NODE BaseClass.setUp(java.lang.String,java.lang.String)[pri:0, instance:null] -1422202400
23:40:21.139 [main] TRACE org.testng.internal.Graph - [Graph] ================ SORTING
23:40:21.167 [main] TRACE org.testng.internal.Graph - [Graph] =============== DONE SORTING
23:40:21.168 [main] TRACE org.testng.internal.Graph - [Graph] ====== SORTED NODES
23:40:21.168 [main] TRACE org.testng.internal.Graph - [Graph] ====== END SORTED NODES
23:40:21.174 [main] TRACE org.testng.internal.Graph - [Graph] ADDING NODE BaseClass.tearDown()[pri:0, instance:null] 829687191
23:40:21.174 [main] TRACE org.testng.internal.Graph - [Graph] ================ SORTING
23:40:21.176 [main] TRACE org.testng.internal.Graph - [Graph] =============== DONE SORTING
23:40:21.176 [main] TRACE org.testng.internal.Graph - [Graph] ====== SORTED NODES
23:40:21.176 [main] TRACE org.testng.internal.Graph - [Graph] ====== END SORTED NODES
23:40:21.240 [main] TRACE org.testng.internal.Graph - [Graph] ADDING NODE TC001_AccountRegistrationTest.verify_account_registration()[pri:0, instance:testCases.TC001_AccountRegistrationTest@56a4479a] 1454380268
23:40:21.241 [main] TRACE org.testng.internal.Graph - [Graph] ================ SORTING
23:40:21.241 [main] TRACE org.testng.internal.Graph - [Graph] =============== DONE SORTING
23:40:21.241 [main] TRACE org.testng.internal.Graph - [Graph] ====== SORTED NODES
23:40:21.242 [main] TRACE org.testng.internal.Graph - [Graph] ====== END SORTED NODES
23:40:21.277 [main] INFO  org.testng.internal.Utils - [TestNG] Running:
  C:\Users\Sonam Sharma\SDET_Eclipse_workspace\OpenCartV121\master.xml

23:40:23.785 [main] DEBUG io.github.bonigarcia.wdm.WebDriverManager - Using WebDriverManager 5.9.2
23:40:27.704 [main] DEBUG io.github.bonigarcia.wdm.cache.ResolutionCache - Resolution chrome=127 in cache (valid until 23:41:01 22/08/2024 IST)
23:40:27.708 [main] DEBUG io.github.bonigarcia.wdm.cache.ResolutionCache - Resolution chrome127=127.0.6533.119 in cache (valid until 22:41:01 23/08/2024 IST)
23:40:27.710 [main] INFO  io.github.bonigarcia.wdm.WebDriverManager - Using chromedriver 127.0.6533.119 (resolved driver for Chrome 127)
23:40:27.743 [main] TRACE io.github.bonigarcia.wdm.cache.CacheHandler - Checking if chromedriver exists in cache
23:40:27.946 [main] TRACE io.github.bonigarcia.wdm.cache.CacheHandler - Filter cache by chromedriver -- input list [C:\Users\Sonam Sharma\.cache\selenium\chromedriver\win32\114.0.5735.90\chromedriver.exe, C:\Users\Sonam Sharma\.cache\selenium\chromedriver\win64\124.0.6367.207\chromedriver.exe, C:\Users\Sonam Sharma\.cache\selenium\chromedriver\win64\125.0.6422.141\chromedriver.exe, C:\Users\Sonam Sharma\.cache\selenium\chromedriver\win64\125.0.6422.78\chromedriver.exe, C:\Users\Sonam Sharma\.cache\selenium\chromedriver\win64\126.0.6478.126\chromedriver.exe, C:\Users\Sonam Sharma\.cache\selenium\chromedriver\win64\126.0.6478.182\chromedriver.exe, C:\Users\Sonam Sharma\.cache\selenium\chromedriver\win64\126.0.6478.63\chromedriver.exe, C:\Users\Sonam Sharma\.cache\selenium\chromedriver\win64\127.0.6533.119\chromedriver.exe, C:\Users\Sonam Sharma\.cache\selenium\chromedriver\win64\127.0.6533.72\chromedriver.exe, C:\Users\Sonam Sharma\.cache\selenium\chromedriver\win64\127.0.6533.88\chromedriver.exe, C:\Users\Sonam Sharma\.cache\selenium\chromedriver\win64\127.0.6533.99\chromedriver.exe, C:\Users\Sonam Sharma\.cache\selenium\geckodriver\win64\0.33.0\geckodriver.exe, C:\Users\Sonam Sharma\.cache\selenium\geckodriver\win64\0.34.0\geckodriver.exe, C:\Users\Sonam Sharma\.cache\selenium\geckodriver\win64\0.35.0\geckodriver.exe, C:\Users\Sonam Sharma\.cache\selenium\manager\0.4.20\selenium-manager.exe, C:\Users\Sonam Sharma\.cache\selenium\manager\0.4.22\selenium-manager.exe, C:\Users\Sonam Sharma\.cache\selenium\manager\0.4.23\selenium-manager.exe, C:\Users\Sonam Sharma\.cache\selenium\msedgedriver\win64\114.0.1823.67\msedgedriver.exe, C:\Users\Sonam Sharma\.cache\selenium\msedgedriver\win64\115.0.1901.188\msedgedriver.exe, C:\Users\Sonam Sharma\.cache\selenium\msedgedriver\win64\126.0.2592.102\msedgedriver.exe, C:\Users\Sonam Sharma\.cache\selenium\msedgedriver\win64\127.0.2651.105\msedgedriver.exe, C:\Users\Sonam Sharma\.cache\selenium\msedgedriver\win64\127.0.2651.98\msedgedriver.exe, C:\Users\Sonam Sharma\.cache\selenium\resolution.properties, C:\Users\Sonam Sharma\.cache\selenium\se-metadata.json] -- output list [C:\Users\Sonam Sharma\.cache\selenium\chromedriver\win32\114.0.5735.90\chromedriver.exe, C:\Users\Sonam Sharma\.cache\selenium\chromedriver\win64\124.0.6367.207\chromedriver.exe, C:\Users\Sonam Sharma\.cache\selenium\chromedriver\win64\125.0.6422.141\chromedriver.exe, C:\Users\Sonam Sharma\.cache\selenium\chromedriver\win64\125.0.6422.78\chromedriver.exe, C:\Users\Sonam Sharma\.cache\selenium\chromedriver\win64\126.0.6478.126\chromedriver.exe, C:\Users\Sonam Sharma\.cache\selenium\chromedriver\win64\126.0.6478.182\chromedriver.exe, C:\Users\Sonam Sharma\.cache\selenium\chromedriver\win64\126.0.6478.63\chromedriver.exe, C:\Users\Sonam Sharma\.cache\selenium\chromedriver\win64\127.0.6533.119\chromedriver.exe, C:\Users\Sonam Sharma\.cache\selenium\chromedriver\win64\127.0.6533.72\chromedriver.exe, C:\Users\Sonam Sharma\.cache\selenium\chromedriver\win64\127.0.6533.88\chromedriver.exe, C:\Users\Sonam Sharma\.cache\selenium\chromedriver\win64\127.0.6533.99\chromedriver.exe] 
